<?xml version="1.0" encoding="UTF-8"?>
<coverage generated="1701696021327" clover="3.2.0">
  <project timestamp="1701696021327" name="All files">
    <metrics statements="243" coveredstatements="163" conditionals="256" coveredconditionals="138" methods="46" coveredmethods="30" elements="545" coveredelements="331" complexity="0" loc="243" ncloc="243" packages="2" files="43" classes="43"/>
    <package name="src">
      <metrics statements="84" coveredstatements="57" conditionals="100" coveredconditionals="58" methods="21" coveredmethods="16"/>
      <file name="add.js" path="C:\Users\helia\Documents\Tuni\16Periodi\Software_Testing\Software-Testing\src\add.js">
        <metrics statements="1" coveredstatements="1" conditionals="0" coveredconditionals="0" methods="1" coveredmethods="1"/>
        <line num="16" count="8" type="stmt"/>
      </file>
      <file name="capitalize.js" path="C:\Users\helia\Documents\Tuni\16Periodi\Software_Testing\Software-Testing\src\capitalize.js">
        <metrics statements="1" coveredstatements="1" conditionals="0" coveredconditionals="0" methods="1" coveredmethods="1"/>
        <line num="17" count="11" type="stmt"/>
      </file>
      <file name="castArray.js" path="C:\Users\helia\Documents\Tuni\16Periodi\Software_Testing\Software-Testing\src\castArray.js">
        <metrics statements="2" coveredstatements="2" conditionals="2" coveredconditionals="2" methods="1" coveredmethods="1"/>
        <line num="34" count="9" type="stmt"/>
        <line num="35" count="9" type="cond" truecount="2" falsecount="0"/>
      </file>
      <file name="ceil.js" path="C:\Users\helia\Documents\Tuni\16Periodi\Software_Testing\Software-Testing\src\ceil.js">
        <metrics statements="1" coveredstatements="1" conditionals="0" coveredconditionals="0" methods="0" coveredmethods="0"/>
        <line num="22" count="2" type="stmt"/>
      </file>
      <file name="countBy.js" path="C:\Users\helia\Documents\Tuni\16Periodi\Software_Testing\Software-Testing\src\countBy.js">
        <metrics statements="7" coveredstatements="7" conditionals="2" coveredconditionals="2" methods="2" coveredmethods="2"/>
        <line num="5" count="2" type="stmt"/>
        <line num="30" count="7" type="stmt"/>
        <line num="31" count="24" type="stmt"/>
        <line num="32" count="24" type="cond" truecount="2" falsecount="0"/>
        <line num="33" count="5" type="stmt"/>
        <line num="35" count="19" type="stmt"/>
        <line num="37" count="24" type="stmt"/>
      </file>
      <file name="eq.js" path="C:\Users\helia\Documents\Tuni\16Periodi\Software_Testing\Software-Testing\src\eq.js">
        <metrics statements="1" coveredstatements="1" conditionals="3" coveredconditionals="3" methods="1" coveredmethods="1"/>
        <line num="32" count="11" type="cond" truecount="3" falsecount="0"/>
      </file>
      <file name="filter.js" path="C:\Users\helia\Documents\Tuni\16Periodi\Software_Testing\Software-Testing\src\filter.js">
        <metrics statements="9" coveredstatements="9" conditionals="4" coveredconditionals="3" methods="1" coveredmethods="1"/>
        <line num="25" count="6" type="stmt"/>
        <line num="26" count="6" type="stmt"/>
        <line num="27" count="6" type="cond" truecount="1" falsecount="1"/>
        <line num="28" count="6" type="stmt"/>
        <line num="30" count="6" type="stmt"/>
        <line num="31" count="19" type="stmt"/>
        <line num="32" count="19" type="cond" truecount="2" falsecount="0"/>
        <line num="33" count="9" type="stmt"/>
        <line num="36" count="6" type="stmt"/>
      </file>
      <file name="isArguments.js" path="C:\Users\helia\Documents\Tuni\16Periodi\Software_Testing\Software-Testing\src\isArguments.js">
        <metrics statements="1" coveredstatements="1" conditionals="2" coveredconditionals="2" methods="1" coveredmethods="1"/>
        <line num="20" count="2" type="cond" truecount="2" falsecount="0"/>
      </file>
      <file name="isArrayLike.js" path="C:\Users\helia\Documents\Tuni\16Periodi\Software_Testing\Software-Testing\src\isArrayLike.js">
        <metrics statements="1" coveredstatements="1" conditionals="3" coveredconditionals="3" methods="1" coveredmethods="1"/>
        <line num="27" count="26" type="cond" truecount="3" falsecount="0"/>
      </file>
      <file name="isBuffer.js" path="C:\Users\helia\Documents\Tuni\16Periodi\Software_Testing\Software-Testing\src\isBuffer.js">
        <metrics statements="6" coveredstatements="6" conditionals="17" coveredconditionals="14" methods="1" coveredmethods="0"/>
        <line num="4" count="5" type="cond" truecount="4" falsecount="0"/>
        <line num="7" count="5" type="cond" truecount="5" falsecount="0"/>
        <line num="10" count="5" type="cond" truecount="2" falsecount="0"/>
        <line num="13" count="5" type="cond" truecount="1" falsecount="1"/>
        <line num="16" count="5" type="cond" truecount="1" falsecount="1"/>
        <line num="33" count="5" type="cond" truecount="1" falsecount="1"/>
      </file>
      <file name="isEmpty.js" path="C:\Users\helia\Documents\Tuni\16Periodi\Software_Testing\Software-Testing\src\isEmpty.js">
        <metrics statements="14" coveredstatements="12" conditionals="19" coveredconditionals="16" methods="1" coveredmethods="1"/>
        <line num="9" count="2" type="stmt"/>
        <line num="46" count="22" type="cond" truecount="2" falsecount="0"/>
        <line num="47" count="1" type="stmt"/>
        <line num="49" count="21" type="cond" truecount="9" falsecount="0"/>
        <line num="52" count="13" type="stmt"/>
        <line num="54" count="8" type="stmt"/>
        <line num="55" count="8" type="cond" truecount="3" falsecount="1"/>
        <line num="56" count="0" type="stmt"/>
        <line num="58" count="8" type="cond" truecount="1" falsecount="1"/>
        <line num="59" count="0" type="stmt"/>
        <line num="61" count="8" type="stmt"/>
        <line num="62" count="2" type="cond" truecount="1" falsecount="1"/>
        <line num="63" count="2" type="stmt"/>
        <line num="66" count="6" type="stmt"/>
      </file>
      <file name="isLength.js" path="C:\Users\helia\Documents\Tuni\16Periodi\Software_Testing\Software-Testing\src\isLength.js">
        <metrics statements="2" coveredstatements="2" conditionals="4" coveredconditionals="4" methods="1" coveredmethods="1"/>
        <line num="2" count="5" type="stmt"/>
        <line num="29" count="25" type="cond" truecount="4" falsecount="0"/>
      </file>
      <file name="isObjectLike.js" path="C:\Users\helia\Documents\Tuni\16Periodi\Software_Testing\Software-Testing\src\isObjectLike.js">
        <metrics statements="1" coveredstatements="1" conditionals="2" coveredconditionals="2" methods="1" coveredmethods="1"/>
        <line num="24" count="2" type="cond" truecount="2" falsecount="0"/>
      </file>
      <file name="isSymbol.js" path="C:\Users\helia\Documents\Tuni\16Periodi\Software_Testing\Software-Testing\src\isSymbol.js">
        <metrics statements="2" coveredstatements="0" conditionals="4" coveredconditionals="0" methods="1" coveredmethods="0"/>
        <line num="19" count="0" type="stmt"/>
        <line num="20" count="0" type="cond" truecount="0" falsecount="4"/>
      </file>
      <file name="isTypedArray.js" path="C:\Users\helia\Documents\Tuni\16Periodi\Software_Testing\Software-Testing\src\isTypedArray.js">
        <metrics statements="5" coveredstatements="4" conditionals="6" coveredconditionals="3" methods="2" coveredmethods="1"/>
        <line num="6" count="5" type="stmt"/>
        <line num="9" count="5" type="cond" truecount="2" falsecount="0"/>
        <line num="26" count="5" type="cond" truecount="1" falsecount="1"/>
        <line num="27" count="2" type="stmt"/>
        <line num="28" count="0" type="cond" truecount="0" falsecount="2"/>
      </file>
      <file name="keys.js" path="C:\Users\helia\Documents\Tuni\16Periodi\Software_Testing\Software-Testing\src\keys.js">
        <metrics statements="1" coveredstatements="1" conditionals="2" coveredconditionals="2" methods="1" coveredmethods="1"/>
        <line num="32" count="5" type="cond" truecount="2" falsecount="0"/>
      </file>
      <file name="reduce.js" path="C:\Users\helia\Documents\Tuni\16Periodi\Software_Testing\Software-Testing\src\reduce.js">
        <metrics statements="3" coveredstatements="3" conditionals="2" coveredconditionals="1" methods="1" coveredmethods="1"/>
        <line num="39" count="7" type="cond" truecount="1" falsecount="1"/>
        <line num="40" count="7" type="stmt"/>
        <line num="41" count="7" type="stmt"/>
      </file>
      <file name="slice.js" path="C:\Users\helia\Documents\Tuni\16Periodi\Software_Testing\Software-Testing\src\slice.js">
        <metrics statements="16" coveredstatements="0" conditionals="16" coveredconditionals="0" methods="1" coveredmethods="0"/>
        <line num="22" count="0" type="cond" truecount="0" falsecount="2"/>
        <line num="23" count="0" type="cond" truecount="0" falsecount="2"/>
        <line num="24" count="0" type="stmt"/>
        <line num="26" count="0" type="cond" truecount="0" falsecount="2"/>
        <line num="27" count="0" type="cond" truecount="0" falsecount="2"/>
        <line num="29" count="0" type="cond" truecount="0" falsecount="2"/>
        <line num="30" count="0" type="cond" truecount="0" falsecount="2"/>
        <line num="32" count="0" type="cond" truecount="0" falsecount="2"/>
        <line num="33" count="0" type="stmt"/>
        <line num="35" count="0" type="cond" truecount="0" falsecount="2"/>
        <line num="36" count="0" type="stmt"/>
        <line num="38" count="0" type="stmt"/>
        <line num="39" count="0" type="stmt"/>
        <line num="40" count="0" type="stmt"/>
        <line num="41" count="0" type="stmt"/>
        <line num="43" count="0" type="stmt"/>
      </file>
      <file name="toString.js" path="C:\Users\helia\Documents\Tuni\16Periodi\Software_Testing\Software-Testing\src\toString.js">
        <metrics statements="9" coveredstatements="3" conditionals="12" coveredconditionals="1" methods="2" coveredmethods="1"/>
        <line num="4" count="2" type="stmt"/>
        <line num="28" count="11" type="cond" truecount="1" falsecount="1"/>
        <line num="29" count="11" type="stmt"/>
        <line num="31" count="0" type="cond" truecount="0" falsecount="2"/>
        <line num="33" count="0" type="cond" truecount="0" falsecount="2"/>
        <line num="35" count="0" type="cond" truecount="0" falsecount="2"/>
        <line num="36" count="0" type="stmt"/>
        <line num="38" count="0" type="stmt"/>
        <line num="39" count="0" type="cond" truecount="0" falsecount="4"/>
      </file>
      <file name="upperFirst.js" path="C:\Users\helia\Documents\Tuni\16Periodi\Software_Testing\Software-Testing\src\upperFirst.js">
        <metrics statements="1" coveredstatements="1" conditionals="0" coveredconditionals="0" methods="0" coveredmethods="0"/>
        <line num="19" count="3" type="stmt"/>
      </file>
    </package>
    <package name="src..internal">
      <metrics statements="159" coveredstatements="106" conditionals="156" coveredconditionals="80" methods="25" coveredmethods="14"/>
      <file name="arrayLikeKeys.js" path="C:\Users\helia\Documents\Tuni\16Periodi\Software_Testing\Software-Testing\src\.internal\arrayLikeKeys.js">
        <metrics statements="15" coveredstatements="14" conditionals="25" coveredconditionals="20" methods="1" coveredmethods="1"/>
        <line num="7" count="3" type="stmt"/>
        <line num="18" count="1" type="stmt"/>
        <line num="19" count="1" type="cond" truecount="2" falsecount="0"/>
        <line num="20" count="1" type="cond" truecount="3" falsecount="0"/>
        <line num="21" count="1" type="cond" truecount="4" falsecount="0"/>
        <line num="22" count="1" type="cond" truecount="4" falsecount="0"/>
        <line num="23" count="1" type="stmt"/>
        <line num="24" count="1" type="cond" truecount="1" falsecount="1"/>
        <line num="25" count="1" type="cond" truecount="1" falsecount="1"/>
        <line num="26" count="1" type="stmt"/>
        <line num="27" count="0" type="stmt"/>
        <line num="29" count="1" type="stmt"/>
        <line num="30" count="5" type="cond" truecount="4" falsecount="1"/>
        <line num="37" count="5" type="stmt"/>
        <line num="40" count="1" type="stmt"/>
      </file>
      <file name="arrayReduce.js" path="C:\Users\helia\Documents\Tuni\16Periodi\Software_Testing\Software-Testing\src\.internal\arrayReduce.js">
        <metrics statements="7" coveredstatements="6" conditionals="6" coveredconditionals="3" methods="1" coveredmethods="1"/>
        <line num="13" count="7" type="stmt"/>
        <line num="14" count="7" type="cond" truecount="1" falsecount="1"/>
        <line num="16" count="7" type="cond" truecount="2" falsecount="2"/>
        <line num="17" count="0" type="stmt"/>
        <line num="19" count="7" type="stmt"/>
        <line num="20" count="24" type="stmt"/>
        <line num="22" count="7" type="stmt"/>
      </file>
      <file name="asciiToArray.js" path="C:\Users\helia\Documents\Tuni\16Periodi\Software_Testing\Software-Testing\src\.internal\asciiToArray.js">
        <metrics statements="1" coveredstatements="0" conditionals="0" coveredconditionals="0" methods="1" coveredmethods="0"/>
        <line num="9" count="0" type="stmt"/>
      </file>
      <file name="baseAssignValue.js" path="C:\Users\helia\Documents\Tuni\16Periodi\Software_Testing\Software-Testing\src\.internal\baseAssignValue.js">
        <metrics statements="3" coveredstatements="2" conditionals="2" coveredconditionals="1" methods="1" coveredmethods="1"/>
        <line num="11" count="19" type="cond" truecount="1" falsecount="1"/>
        <line num="12" count="0" type="stmt"/>
        <line num="19" count="19" type="stmt"/>
      </file>
      <file name="baseEach.js" path="C:\Users\helia\Documents\Tuni\16Periodi\Software_Testing\Software-Testing\src\.internal\baseEach.js">
        <metrics statements="11" coveredstatements="0" conditionals="6" coveredconditionals="0" methods="1" coveredmethods="0"/>
        <line num="13" count="0" type="cond" truecount="0" falsecount="2"/>
        <line num="14" count="0" type="stmt"/>
        <line num="16" count="0" type="cond" truecount="0" falsecount="2"/>
        <line num="17" count="0" type="stmt"/>
        <line num="19" count="0" type="stmt"/>
        <line num="20" count="0" type="stmt"/>
        <line num="21" count="0" type="stmt"/>
        <line num="23" count="0" type="stmt"/>
        <line num="24" count="0" type="cond" truecount="0" falsecount="2"/>
        <line num="25" count="0" type="stmt"/>
        <line num="28" count="0" type="stmt"/>
      </file>
      <file name="baseFor.js" path="C:\Users\helia\Documents\Tuni\16Periodi\Software_Testing\Software-Testing\src\.internal\baseFor.js">
        <metrics statements="9" coveredstatements="0" conditionals="2" coveredconditionals="0" methods="1" coveredmethods="0"/>
        <line num="13" count="0" type="stmt"/>
        <line num="14" count="0" type="stmt"/>
        <line num="15" count="0" type="stmt"/>
        <line num="16" count="0" type="stmt"/>
        <line num="18" count="0" type="stmt"/>
        <line num="19" count="0" type="stmt"/>
        <line num="20" count="0" type="cond" truecount="0" falsecount="2"/>
        <line num="21" count="0" type="stmt"/>
        <line num="24" count="0" type="stmt"/>
      </file>
      <file name="baseForOwn.js" path="C:\Users\helia\Documents\Tuni\16Periodi\Software_Testing\Software-Testing\src\.internal\baseForOwn.js">
        <metrics statements="1" coveredstatements="0" conditionals="2" coveredconditionals="0" methods="1" coveredmethods="0"/>
        <line num="13" count="0" type="cond" truecount="0" falsecount="2"/>
      </file>
      <file name="baseReduce.js" path="C:\Users\helia\Documents\Tuni\16Periodi\Software_Testing\Software-Testing\src\.internal\baseReduce.js">
        <metrics statements="3" coveredstatements="0" conditionals="2" coveredconditionals="0" methods="2" coveredmethods="0"/>
        <line num="15" count="0" type="stmt"/>
        <line num="16" count="0" type="cond" truecount="0" falsecount="2"/>
        <line num="20" count="0" type="stmt"/>
      </file>
      <file name="baseToNumber.js" path="C:\Users\helia\Documents\Tuni\16Periodi\Software_Testing\Software-Testing\src\.internal\baseToNumber.js">
        <metrics statements="6" coveredstatements="3" conditionals="4" coveredconditionals="1" methods="1" coveredmethods="1"/>
        <line num="4" count="2" type="stmt"/>
        <line num="15" count="16" type="cond" truecount="1" falsecount="1"/>
        <line num="16" count="16" type="stmt"/>
        <line num="18" count="0" type="cond" truecount="0" falsecount="2"/>
        <line num="19" count="0" type="stmt"/>
        <line num="21" count="0" type="stmt"/>
      </file>
      <file name="baseToString.js" path="C:\Users\helia\Documents\Tuni\16Periodi\Software_Testing\Software-Testing\src\.internal\baseToString.js">
        <metrics statements="10" coveredstatements="2" conditionals="12" coveredconditionals="0" methods="1" coveredmethods="0"/>
        <line num="4" count="2" type="stmt"/>
        <line num="7" count="2" type="stmt"/>
        <line num="19" count="0" type="cond" truecount="0" falsecount="2"/>
        <line num="20" count="0" type="stmt"/>
        <line num="22" count="0" type="cond" truecount="0" falsecount="2"/>
        <line num="24" count="0" type="stmt"/>
        <line num="26" count="0" type="cond" truecount="0" falsecount="2"/>
        <line num="27" count="0" type="cond" truecount="0" falsecount="2"/>
        <line num="29" count="0" type="stmt"/>
        <line num="30" count="0" type="cond" truecount="0" falsecount="4"/>
      </file>
      <file name="castSlice.js" path="C:\Users\helia\Documents\Tuni\16Periodi\Software_Testing\Software-Testing\src\.internal\castSlice.js">
        <metrics statements="3" coveredstatements="0" conditionals="6" coveredconditionals="0" methods="1" coveredmethods="0"/>
        <line num="13" count="0" type="stmt"/>
        <line num="14" count="0" type="cond" truecount="0" falsecount="2"/>
        <line num="15" count="0" type="cond" truecount="0" falsecount="4"/>
      </file>
      <file name="createCaseFirst.js" path="C:\Users\helia\Documents\Tuni\16Periodi\Software_Testing\Software-Testing\src\.internal\createCaseFirst.js">
        <metrics statements="7" coveredstatements="7" conditionals="8" coveredconditionals="5" methods="2" coveredmethods="2"/>
        <line num="13" count="3" type="stmt"/>
        <line num="14" count="28" type="cond" truecount="2" falsecount="0"/>
        <line num="15" count="4" type="stmt"/>
        <line num="18" count="24" type="cond" truecount="1" falsecount="1"/>
        <line num="22" count="24" type="cond" truecount="1" falsecount="1"/>
        <line num="26" count="24" type="cond" truecount="1" falsecount="1"/>
        <line num="30" count="21" type="stmt"/>
      </file>
      <file name="createMathOperation.js" path="C:\Users\helia\Documents\Tuni\16Periodi\Software_Testing\Software-Testing\src\.internal\createMathOperation.js">
        <metrics statements="13" coveredstatements="8" conditionals="16" coveredconditionals="11" methods="2" coveredmethods="2"/>
        <line num="13" count="2" type="stmt"/>
        <line num="14" count="8" type="cond" truecount="2" falsecount="2"/>
        <line num="15" count="0" type="stmt"/>
        <line num="17" count="8" type="cond" truecount="3" falsecount="1"/>
        <line num="18" count="0" type="stmt"/>
        <line num="20" count="8" type="cond" truecount="3" falsecount="1"/>
        <line num="21" count="0" type="stmt"/>
        <line num="23" count="8" type="cond" truecount="3" falsecount="1"/>
        <line num="24" count="0" type="stmt"/>
        <line num="25" count="0" type="stmt"/>
        <line num="28" count="8" type="stmt"/>
        <line num="29" count="8" type="stmt"/>
        <line num="31" count="8" type="stmt"/>
      </file>
      <file name="createRound.js" path="C:\Users\helia\Documents\Tuni\16Periodi\Software_Testing\Software-Testing\src\.internal\createRound.js">
        <metrics statements="9" coveredstatements="9" conditionals="6" coveredconditionals="6" methods="2" coveredmethods="2"/>
        <line num="9" count="2" type="stmt"/>
        <line num="10" count="2" type="stmt"/>
        <line num="11" count="18" type="cond" truecount="4" falsecount="0"/>
        <line num="12" count="18" type="cond" truecount="2" falsecount="0"/>
        <line num="15" count="10" type="stmt"/>
        <line num="16" count="10" type="stmt"/>
        <line num="18" count="10" type="stmt"/>
        <line num="19" count="10" type="stmt"/>
        <line num="21" count="8" type="stmt"/>
      </file>
      <file name="freeGlobal.js" path="C:\Users\helia\Documents\Tuni\16Periodi\Software_Testing\Software-Testing\src\.internal\freeGlobal.js">
        <metrics statements="1" coveredstatements="1" conditionals="4" coveredconditionals="4" methods="0" coveredmethods="0"/>
        <line num="2" count="5" type="cond" truecount="4" falsecount="0"/>
      </file>
      <file name="getTag.js" path="C:\Users\helia\Documents\Tuni\16Periodi\Software_Testing\Software-Testing\src\.internal\getTag.js">
        <metrics statements="4" coveredstatements="3" conditionals="4" coveredconditionals="1" methods="1" coveredmethods="1"/>
        <line num="1" count="7" type="stmt"/>
        <line num="11" count="9" type="cond" truecount="1" falsecount="1"/>
        <line num="12" count="0" type="cond" truecount="0" falsecount="2"/>
        <line num="14" count="9" type="stmt"/>
      </file>
      <file name="hasUnicode.js" path="C:\Users\helia\Documents\Tuni\16Periodi\Software_Testing\Software-Testing\src\.internal\hasUnicode.js">
        <metrics statements="11" coveredstatements="11" conditionals="0" coveredconditionals="0" methods="1" coveredmethods="1"/>
        <line num="2" count="3" type="stmt"/>
        <line num="3" count="3" type="stmt"/>
        <line num="4" count="3" type="stmt"/>
        <line num="5" count="3" type="stmt"/>
        <line num="6" count="3" type="stmt"/>
        <line num="7" count="3" type="stmt"/>
        <line num="8" count="3" type="stmt"/>
        <line num="9" count="3" type="stmt"/>
        <line num="12" count="3" type="stmt"/>
        <line num="15" count="3" type="stmt"/>
        <line num="25" count="24" type="stmt"/>
      </file>
      <file name="isIndex.js" path="C:\Users\helia\Documents\Tuni\16Periodi\Software_Testing\Software-Testing\src\.internal\isIndex.js">
        <metrics statements="5" coveredstatements="2" conditionals="9" coveredconditionals="0" methods="1" coveredmethods="0"/>
        <line num="2" count="3" type="stmt"/>
        <line num="5" count="3" type="stmt"/>
        <line num="16" count="0" type="stmt"/>
        <line num="17" count="0" type="cond" truecount="0" falsecount="2"/>
        <line num="19" count="0" type="cond" truecount="0" falsecount="7"/>
      </file>
      <file name="isPrototype.js" path="C:\Users\helia\Documents\Tuni\16Periodi\Software_Testing\Software-Testing\src\.internal\isPrototype.js">
        <metrics statements="4" coveredstatements="4" conditionals="5" coveredconditionals="5" methods="1" coveredmethods="1"/>
        <line num="2" count="2" type="stmt"/>
        <line num="12" count="8" type="cond" truecount="2" falsecount="0"/>
        <line num="13" count="8" type="cond" truecount="3" falsecount="0"/>
        <line num="15" count="8" type="stmt"/>
      </file>
      <file name="nodeTypes.js" path="C:\Users\helia\Documents\Tuni\16Periodi\Software_Testing\Software-Testing\src\.internal\nodeTypes.js">
        <metrics statements="8" coveredstatements="8" conditionals="21" coveredconditionals="17" methods="1" coveredmethods="1"/>
        <line num="4" count="5" type="cond" truecount="4" falsecount="0"/>
        <line num="7" count="5" type="cond" truecount="5" falsecount="0"/>
        <line num="10" count="5" type="cond" truecount="2" falsecount="0"/>
        <line num="13" count="5" type="cond" truecount="2" falsecount="0"/>
        <line num="16" count="5" type="stmt"/>
        <line num="17" count="5" type="stmt"/>
        <line num="20" count="5" type="cond" truecount="3" falsecount="0"/>
        <line num="21" count="5" type="cond" truecount="1" falsecount="1"/>
      </file>
      <file name="root.js" path="C:\Users\helia\Documents\Tuni\16Periodi\Software_Testing\Software-Testing\src\.internal\root.js">
        <metrics statements="3" coveredstatements="3" conditionals="12" coveredconditionals="6" methods="0" coveredmethods="0"/>
        <line num="5" count="5" type="cond" truecount="4" falsecount="0"/>
        <line num="8" count="5" type="cond" truecount="1" falsecount="3"/>
        <line num="11" count="5" type="cond" truecount="1" falsecount="3"/>
      </file>
      <file name="stringToArray.js" path="C:\Users\helia\Documents\Tuni\16Periodi\Software_Testing\Software-Testing\src\.internal\stringToArray.js">
        <metrics statements="1" coveredstatements="0" conditionals="2" coveredconditionals="0" methods="1" coveredmethods="0"/>
        <line num="13" count="0" type="cond" truecount="0" falsecount="2"/>
      </file>
      <file name="unicodeToArray.js" path="C:\Users\helia\Documents\Tuni\16Periodi\Software_Testing\Software-Testing\src\.internal\unicodeToArray.js">
        <metrics statements="24" coveredstatements="23" conditionals="2" coveredconditionals="0" methods="1" coveredmethods="0"/>
        <line num="2" count="3" type="stmt"/>
        <line num="3" count="3" type="stmt"/>
        <line num="4" count="3" type="stmt"/>
        <line num="5" count="3" type="stmt"/>
        <line num="6" count="3" type="stmt"/>
        <line num="7" count="3" type="stmt"/>
        <line num="8" count="3" type="stmt"/>
        <line num="9" count="3" type="stmt"/>
        <line num="12" count="3" type="stmt"/>
        <line num="13" count="3" type="stmt"/>
        <line num="14" count="3" type="stmt"/>
        <line num="15" count="3" type="stmt"/>
        <line num="16" count="3" type="stmt"/>
        <line num="17" count="3" type="stmt"/>
        <line num="18" count="3" type="stmt"/>
        <line num="19" count="3" type="stmt"/>
        <line num="22" count="3" type="stmt"/>
        <line num="23" count="3" type="stmt"/>
        <line num="24" count="3" type="stmt"/>
        <line num="25" count="3" type="stmt"/>
        <line num="26" count="3" type="stmt"/>
        <line num="27" count="3" type="stmt"/>
        <line num="30" count="3" type="stmt"/>
        <line num="40" count="0" type="cond" truecount="0" falsecount="2"/>
      </file>
    </package>
  </project>
</coverage>
