TN:
SF:src\add.js
FN:16,(anonymous_0)
FNF:1
FNH:1
FNDA:8,(anonymous_0)
DA:16,8
LF:1
LH:1
BRF:0
BRH:0
end_of_record
TN:
SF:src\capitalize.js
FN:17,(anonymous_0)
FNF:1
FNH:1
FNDA:11,(anonymous_0)
DA:17,11
LF:1
LH:1
BRF:0
BRH:0
end_of_record
TN:
SF:src\castArray.js
FN:33,castArray
FNF:1
FNH:1
FNDA:9,castArray
DA:34,9
DA:35,9
LF:2
LH:2
BRDA:35,0,0,3
BRDA:35,0,1,6
BRF:2
BRH:2
end_of_record
TN:
SF:src\ceil.js
FNF:0
FNH:0
DA:22,2
LF:1
LH:1
BRF:0
BRH:0
end_of_record
TN:
SF:src\countBy.js
FN:29,countBy
FN:30,(anonymous_1)
FNF:2
FNH:2
FNDA:7,countBy
FNDA:24,(anonymous_1)
DA:5,2
DA:30,7
DA:31,24
DA:32,24
DA:33,5
DA:35,19
DA:37,24
LF:7
LH:7
BRDA:32,0,0,5
BRDA:32,0,1,19
BRF:2
BRH:2
end_of_record
TN:
SF:src\eq.js
FN:31,eq
FNF:1
FNH:1
FNDA:11,eq
DA:32,11
LF:1
LH:1
BRDA:32,0,0,11
BRDA:32,0,1,6
BRDA:32,0,2,1
BRF:3
BRH:3
end_of_record
TN:
SF:src\filter.js
FN:24,filter
FNF:1
FNH:1
FNDA:6,filter
DA:25,6
DA:26,6
DA:27,6
DA:28,6
DA:30,6
DA:31,19
DA:32,19
DA:33,9
DA:36,6
LF:9
LH:9
BRDA:27,0,0,0
BRDA:27,0,1,6
BRDA:32,1,0,9
BRDA:32,1,1,10
BRF:4
BRH:3
end_of_record
TN:
SF:src\isArguments.js
FN:19,isArguments
FNF:1
FNH:1
FNDA:2,isArguments
DA:20,2
LF:1
LH:1
BRDA:20,0,0,2
BRDA:20,0,1,1
BRF:2
BRH:2
end_of_record
TN:
SF:src\isArrayLike.js
FN:26,isArrayLike
FNF:1
FNH:1
FNDA:26,isArrayLike
DA:27,26
LF:1
LH:1
BRDA:27,0,0,26
BRDA:27,0,1,25
BRDA:27,0,2,25
BRF:3
BRH:3
end_of_record
TN:
SF:src\isBuffer.js
FN:33,(anonymous_0)
FNF:1
FNH:0
FNDA:0,(anonymous_0)
DA:4,5
DA:7,5
DA:10,5
DA:13,5
DA:16,5
DA:33,5
LF:6
LH:6
BRDA:4,0,0,5
BRDA:4,0,1,5
BRDA:4,0,2,5
BRDA:4,0,3,5
BRDA:7,1,0,5
BRDA:7,1,1,5
BRDA:7,1,2,5
BRDA:7,1,3,5
BRDA:7,1,4,5
BRDA:10,2,0,5
BRDA:10,2,1,5
BRDA:13,3,0,5
BRDA:13,3,1,0
BRDA:16,4,0,5
BRDA:16,4,1,0
BRDA:33,5,0,5
BRDA:33,5,1,0
BRF:17
BRH:14
end_of_record
TN:
SF:src\isEmpty.js
FN:45,isEmpty
FNF:1
FNH:1
FNDA:22,isEmpty
DA:9,2
DA:46,22
DA:47,1
DA:49,21
DA:52,13
DA:54,8
DA:55,8
DA:56,0
DA:58,8
DA:59,0
DA:61,8
DA:62,2
DA:63,2
DA:66,6
LF:14
LH:12
BRDA:46,0,0,1
BRDA:46,0,1,21
BRDA:49,1,0,13
BRDA:49,1,1,8
BRDA:49,2,0,21
BRDA:49,2,1,14
BRDA:49,2,2,12
BRDA:49,2,3,1
BRDA:49,2,4,1
BRDA:49,2,5,1
BRDA:49,2,6,1
BRDA:55,3,0,0
BRDA:55,3,1,8
BRDA:55,4,0,8
BRDA:55,4,1,8
BRDA:58,5,0,0
BRDA:58,5,1,8
BRDA:62,6,0,2
BRDA:62,6,1,0
BRF:19
BRH:16
end_of_record
TN:
SF:src\isLength.js
FN:28,isLength
FNF:1
FNH:1
FNDA:25,isLength
DA:2,5
DA:29,25
LF:2
LH:2
BRDA:29,0,0,25
BRDA:29,0,1,15
BRDA:29,0,2,15
BRDA:29,0,3,15
BRF:4
BRH:4
end_of_record
TN:
SF:src\isObjectLike.js
FN:23,isObjectLike
FNF:1
FNH:1
FNDA:2,isObjectLike
DA:24,2
LF:1
LH:1
BRDA:24,0,0,2
BRDA:24,0,1,1
BRF:2
BRH:2
end_of_record
TN:
SF:src\isSymbol.js
FN:18,isSymbol
FNF:1
FNH:0
FNDA:0,isSymbol
DA:19,0
DA:20,0
LF:2
LH:0
BRDA:20,0,0,0
BRDA:20,0,1,0
BRDA:20,0,2,0
BRDA:20,0,3,0
BRF:4
BRH:0
end_of_record
TN:
SF:src\isTypedArray.js
FN:27,(anonymous_0)
FN:28,(anonymous_1)
FNF:2
FNH:1
FNDA:2,(anonymous_0)
FNDA:0,(anonymous_1)
DA:6,5
DA:9,5
DA:26,5
DA:27,2
DA:28,0
LF:5
LH:4
BRDA:9,0,0,5
BRDA:9,0,1,5
BRDA:26,1,0,5
BRDA:26,1,1,0
BRDA:28,2,0,0
BRDA:28,2,1,0
BRF:6
BRH:3
end_of_record
TN:
SF:src\keys.js
FN:31,keys
FNF:1
FNH:1
FNDA:5,keys
DA:32,5
LF:1
LH:1
BRDA:32,0,0,1
BRDA:32,0,1,4
BRF:2
BRH:2
end_of_record
TN:
SF:src\reduce.js
FN:38,reduce
FNF:1
FNH:1
FNDA:7,reduce
DA:39,7
DA:40,7
DA:41,7
LF:3
LH:3
BRDA:39,0,0,7
BRDA:39,0,1,0
BRF:2
BRH:1
end_of_record
TN:
SF:src\slice.js
FN:21,slice
FNF:1
FNH:0
FNDA:0,slice
DA:22,0
DA:23,0
DA:24,0
DA:26,0
DA:27,0
DA:29,0
DA:30,0
DA:32,0
DA:33,0
DA:35,0
DA:36,0
DA:38,0
DA:39,0
DA:40,0
DA:41,0
DA:43,0
LF:16
LH:0
BRDA:22,0,0,0
BRDA:22,0,1,0
BRDA:23,1,0,0
BRDA:23,1,1,0
BRDA:26,2,0,0
BRDA:26,2,1,0
BRDA:27,3,0,0
BRDA:27,3,1,0
BRDA:29,4,0,0
BRDA:29,4,1,0
BRDA:30,5,0,0
BRDA:30,5,1,0
BRDA:32,6,0,0
BRDA:32,6,1,0
BRDA:35,7,0,0
BRDA:35,7,1,0
BRF:16
BRH:0
end_of_record
TN:
SF:src\toString.js
FN:25,toString
FN:33,(anonymous_1)
FNF:2
FNH:1
FNDA:11,toString
FNDA:0,(anonymous_1)
DA:4,2
DA:28,11
DA:29,11
DA:31,0
DA:33,0
DA:35,0
DA:36,0
DA:38,0
DA:39,0
LF:9
LH:3
BRDA:28,0,0,11
BRDA:28,0,1,0
BRDA:31,1,0,0
BRDA:31,1,1,0
BRDA:33,2,0,0
BRDA:33,2,1,0
BRDA:35,3,0,0
BRDA:35,3,1,0
BRDA:39,4,0,0
BRDA:39,4,1,0
BRDA:39,5,0,0
BRDA:39,5,1,0
BRF:12
BRH:1
end_of_record
TN:
SF:src\upperFirst.js
FNF:0
FNH:0
DA:19,3
LF:1
LH:1
BRF:0
BRH:0
end_of_record
TN:
SF:src\.internal\arrayLikeKeys.js
FN:17,arrayLikeKeys
FNF:1
FNH:1
FNDA:1,arrayLikeKeys
DA:7,3
DA:18,1
DA:19,1
DA:20,1
DA:21,1
DA:22,1
DA:23,1
DA:24,1
DA:25,1
DA:26,1
DA:27,0
DA:29,1
DA:30,5
DA:37,5
DA:40,1
LF:15
LH:14
BRDA:19,0,0,1
BRDA:19,0,1,1
BRDA:20,1,0,1
BRDA:20,1,1,1
BRDA:20,1,2,1
BRDA:21,2,0,1
BRDA:21,2,1,1
BRDA:21,2,2,1
BRDA:21,2,3,1
BRDA:22,3,0,1
BRDA:22,3,1,1
BRDA:22,3,2,1
BRDA:22,3,3,1
BRDA:24,4,0,0
BRDA:24,4,1,1
BRDA:25,5,0,0
BRDA:25,5,1,1
BRDA:30,6,0,5
BRDA:30,6,1,0
BRDA:30,7,0,5
BRDA:30,7,1,5
BRDA:30,7,2,5
BRDA:31,8,0,5
BRDA:31,8,1,0
BRDA:31,8,2,0
BRF:25
BRH:20
end_of_record
TN:
SF:src\.internal\arrayReduce.js
FN:12,arrayReduce
FNF:1
FNH:1
FNDA:7,arrayReduce
DA:13,7
DA:14,7
DA:16,7
DA:17,0
DA:19,7
DA:20,24
DA:22,7
LF:7
LH:6
BRDA:14,0,0,0
BRDA:14,0,1,7
BRDA:16,1,0,0
BRDA:16,1,1,7
BRDA:16,2,0,7
BRDA:16,2,1,0
BRF:6
BRH:3
end_of_record
TN:
SF:src\.internal\asciiToArray.js
FN:8,asciiToArray
FNF:1
FNH:0
FNDA:0,asciiToArray
DA:9,0
LF:1
LH:0
BRF:0
BRH:0
end_of_record
TN:
SF:src\.internal\baseAssignValue.js
FN:10,baseAssignValue
FNF:1
FNH:1
FNDA:19,baseAssignValue
DA:11,19
DA:12,0
DA:19,19
LF:3
LH:2
BRDA:11,0,0,0
BRDA:11,0,1,19
BRF:2
BRH:1
end_of_record
TN:
SF:src\.internal\baseEach.js
FN:12,baseEach
FNF:1
FNH:0
FNDA:0,baseEach
DA:13,0
DA:14,0
DA:16,0
DA:17,0
DA:19,0
DA:20,0
DA:21,0
DA:23,0
DA:24,0
DA:25,0
DA:28,0
LF:11
LH:0
BRDA:13,0,0,0
BRDA:13,0,1,0
BRDA:16,1,0,0
BRDA:16,1,1,0
BRDA:24,2,0,0
BRDA:24,2,1,0
BRF:6
BRH:0
end_of_record
TN:
SF:src\.internal\baseFor.js
FN:12,baseFor
FNF:1
FNH:0
FNDA:0,baseFor
DA:13,0
DA:14,0
DA:15,0
DA:16,0
DA:18,0
DA:19,0
DA:20,0
DA:21,0
DA:24,0
LF:9
LH:0
BRDA:20,0,0,0
BRDA:20,0,1,0
BRF:2
BRH:0
end_of_record
TN:
SF:src\.internal\baseForOwn.js
FN:12,baseForOwn
FNF:1
FNH:0
FNDA:0,baseForOwn
DA:13,0
LF:1
LH:0
BRDA:13,0,0,0
BRDA:13,0,1,0
BRF:2
BRH:0
end_of_record
TN:
SF:src\.internal\baseReduce.js
FN:14,baseReduce
FN:15,(anonymous_1)
FNF:2
FNH:0
FNDA:0,baseReduce
FNDA:0,(anonymous_1)
DA:15,0
DA:16,0
DA:20,0
LF:3
LH:0
BRDA:16,0,0,0
BRDA:16,0,1,0
BRF:2
BRH:0
end_of_record
TN:
SF:src\.internal\baseToNumber.js
FN:14,baseToNumber
FNF:1
FNH:1
FNDA:16,baseToNumber
DA:4,2
DA:15,16
DA:16,16
DA:18,0
DA:19,0
DA:21,0
LF:6
LH:3
BRDA:15,0,0,16
BRDA:15,0,1,0
BRDA:18,1,0,0
BRDA:18,1,1,0
BRF:4
BRH:1
end_of_record
TN:
SF:src\.internal\baseToString.js
FN:17,baseToString
FNF:1
FNH:0
FNDA:0,baseToString
DA:4,2
DA:7,2
DA:19,0
DA:20,0
DA:22,0
DA:24,0
DA:26,0
DA:27,0
DA:29,0
DA:30,0
LF:10
LH:2
BRDA:19,0,0,0
BRDA:19,0,1,0
BRDA:22,1,0,0
BRDA:22,1,1,0
BRDA:26,2,0,0
BRDA:26,2,1,0
BRDA:27,3,0,0
BRDA:27,3,1,0
BRDA:30,4,0,0
BRDA:30,4,1,0
BRDA:30,5,0,0
BRDA:30,5,1,0
BRF:12
BRH:0
end_of_record
TN:
SF:src\.internal\castSlice.js
FN:12,castSlice
FNF:1
FNH:0
FNDA:0,castSlice
DA:13,0
DA:14,0
DA:15,0
LF:3
LH:0
BRDA:14,0,0,0
BRDA:14,0,1,0
BRDA:15,1,0,0
BRDA:15,1,1,0
BRDA:15,2,0,0
BRDA:15,2,1,0
BRF:6
BRH:0
end_of_record
TN:
SF:src\.internal\createCaseFirst.js
FN:12,createCaseFirst
FN:13,(anonymous_1)
FNF:2
FNH:2
FNDA:3,createCaseFirst
FNDA:28,(anonymous_1)
DA:13,3
DA:14,28
DA:15,4
DA:18,24
DA:22,24
DA:26,24
DA:30,21
LF:7
LH:7
BRDA:14,0,0,4
BRDA:14,0,1,24
BRDA:18,1,0,0
BRDA:18,1,1,24
BRDA:22,2,0,0
BRDA:22,2,1,24
BRDA:26,3,0,0
BRDA:26,3,1,24
BRF:8
BRH:5
end_of_record
TN:
SF:src\.internal\createMathOperation.js
FN:12,createMathOperation
FN:13,(anonymous_1)
FNF:2
FNH:2
FNDA:2,createMathOperation
FNDA:8,(anonymous_1)
DA:13,2
DA:14,8
DA:15,0
DA:17,8
DA:18,0
DA:20,8
DA:21,0
DA:23,8
DA:24,0
DA:25,0
DA:28,8
DA:29,8
DA:31,8
LF:13
LH:8
BRDA:14,0,0,0
BRDA:14,0,1,8
BRDA:14,1,0,8
BRDA:14,1,1,0
BRDA:17,2,0,0
BRDA:17,2,1,8
BRDA:17,3,0,8
BRDA:17,3,1,8
BRDA:20,4,0,0
BRDA:20,4,1,8
BRDA:20,5,0,8
BRDA:20,5,1,8
BRDA:23,6,0,0
BRDA:23,6,1,8
BRDA:23,7,0,8
BRDA:23,7,1,8
BRF:16
BRH:11
end_of_record
TN:
SF:src\.internal\createRound.js
FN:8,createRound
FN:10,(anonymous_1)
FNF:2
FNH:2
FNDA:2,createRound
FNDA:18,(anonymous_1)
DA:9,2
DA:10,2
DA:11,18
DA:12,18
DA:15,10
DA:16,10
DA:18,10
DA:19,10
DA:21,8
LF:9
LH:9
BRDA:11,0,0,5
BRDA:11,0,1,13
BRDA:11,1,0,10
BRDA:11,1,1,3
BRDA:12,2,0,10
BRDA:12,2,1,8
BRF:6
BRH:6
end_of_record
TN:
SF:src\.internal\freeGlobal.js
FNF:0
FNH:0
DA:2,5
LF:1
LH:1
BRDA:2,0,0,5
BRDA:2,0,1,5
BRDA:2,0,2,5
BRDA:2,0,3,5
BRF:4
BRH:4
end_of_record
TN:
SF:src\.internal\getTag.js
FN:10,getTag
FNF:1
FNH:1
FNDA:9,getTag
DA:1,7
DA:11,9
DA:12,0
DA:14,9
LF:4
LH:3
BRDA:11,0,0,0
BRDA:11,0,1,9
BRDA:12,1,0,0
BRDA:12,1,1,0
BRF:4
BRH:1
end_of_record
TN:
SF:src\.internal\hasUnicode.js
FN:24,hasUnicode
FNF:1
FNH:1
FNDA:24,hasUnicode
DA:2,3
DA:3,3
DA:4,3
DA:5,3
DA:6,3
DA:7,3
DA:8,3
DA:9,3
DA:12,3
DA:15,3
DA:25,24
LF:11
LH:11
BRF:0
BRH:0
end_of_record
TN:
SF:src\.internal\isIndex.js
FN:15,isIndex
FNF:1
FNH:0
FNDA:0,isIndex
DA:2,3
DA:5,3
DA:16,0
DA:17,0
DA:19,0
LF:5
LH:2
BRDA:17,0,0,0
BRDA:17,0,1,0
BRDA:19,1,0,0
BRDA:19,1,1,0
BRDA:19,1,2,0
BRDA:19,1,3,0
BRDA:19,1,4,0
BRDA:19,1,5,0
BRDA:19,1,6,0
BRF:9
BRH:0
end_of_record
TN:
SF:src\.internal\isPrototype.js
FN:11,isPrototype
FNF:1
FNH:1
FNDA:8,isPrototype
DA:2,2
DA:12,8
DA:13,8
DA:15,8
LF:4
LH:4
BRDA:12,0,0,8
BRDA:12,0,1,6
BRDA:13,1,0,8
BRDA:13,1,1,6
BRDA:13,1,2,2
BRF:5
BRH:5
end_of_record
TN:
SF:src\.internal\nodeTypes.js
FN:16,(anonymous_0)
FNF:1
FNH:1
FNDA:5,(anonymous_0)
DA:4,5
DA:7,5
DA:10,5
DA:13,5
DA:16,5
DA:17,5
DA:20,5
DA:21,5
LF:8
LH:8
BRDA:4,0,0,5
BRDA:4,0,1,5
BRDA:4,0,2,5
BRDA:4,0,3,5
BRDA:7,1,0,5
BRDA:7,1,1,5
BRDA:7,1,2,5
BRDA:7,1,3,5
BRDA:7,1,4,5
BRDA:10,2,0,5
BRDA:10,2,1,5
BRDA:13,3,0,5
BRDA:13,3,1,5
BRDA:20,4,0,5
BRDA:20,4,1,5
BRDA:20,4,2,5
BRDA:21,5,0,5
BRDA:21,5,1,0
BRDA:24,6,0,0
BRDA:24,6,1,0
BRDA:24,6,2,0
BRF:21
BRH:17
end_of_record
TN:
SF:src\.internal\root.js
FNF:0
FNH:0
DA:5,5
DA:8,5
DA:11,5
LF:3
LH:3
BRDA:5,0,0,5
BRDA:5,0,1,5
BRDA:5,0,2,5
BRDA:5,0,3,5
BRDA:8,1,0,5
BRDA:8,1,1,0
BRDA:8,1,2,0
BRDA:8,1,3,0
BRDA:11,2,0,5
BRDA:11,2,1,0
BRDA:11,2,2,0
BRDA:11,2,3,0
BRF:12
BRH:6
end_of_record
TN:
SF:src\.internal\stringToArray.js
FN:12,stringToArray
FNF:1
FNH:0
FNDA:0,stringToArray
DA:13,0
LF:1
LH:0
BRDA:13,0,0,0
BRDA:13,0,1,0
BRF:2
BRH:0
end_of_record
TN:
SF:src\.internal\unicodeToArray.js
FN:39,unicodeToArray
FNF:1
FNH:0
FNDA:0,unicodeToArray
DA:2,3
DA:3,3
DA:4,3
DA:5,3
DA:6,3
DA:7,3
DA:8,3
DA:9,3
DA:12,3
DA:13,3
DA:14,3
DA:15,3
DA:16,3
DA:17,3
DA:18,3
DA:19,3
DA:22,3
DA:23,3
DA:24,3
DA:25,3
DA:26,3
DA:27,3
DA:30,3
DA:40,0
LF:24
LH:23
BRDA:40,0,0,0
BRDA:40,0,1,0
BRF:2
BRH:0
end_of_record
